生成启动时间为 2016/8/8 15:35:15。
     1>项目“D:\Documents\Visul Studio 2013\CutYourImage\CutYourImage\CutYourImage.vcxproj”在节点 2 上(Build 个目标)。
     1>ClCompile:
         C:\Program Files (x86)\Microsoft Visual Studio 12.0\VC\bin\CL.exe /c /ZI /nologo /W3 /WX- /sdl /Od /Oy- /D WIN32 /D _WINDOWS /D _DEBUG /D _UNICODE /D UNICODE /D _AFXDLL /Gm /EHsc /RTC1 /MDd /GS /fp:precise /Zc:wchar_t /Zc:forScope /Yu"stdafx.h" /Fp"Debug\CutYourImage.pch" /Fo"Debug\\" /Fd"Debug\vc120.pdb" /Gd /TP /analyze- /errorReport:prompt CutYourImage.cpp CutYourImageDlg.cpp
         CutYourImage.cpp
         正在生成代码...
         正在编译...
         CutYourImageDlg.cpp
         正在生成代码...
       ResourceCompile:
         C:\Program Files (x86)\Windows Kits\8.1\bin\x86\rc.exe /D _DEBUG /D _UNICODE /D UNICODE /D _AFXDLL /l"0x0804" /IDebug\ /nologo /fo"Debug\CutYourImage.res" CutYourImage.rc 
       Link:
         C:\Program Files (x86)\Microsoft Visual Studio 12.0\VC\bin\link.exe /ERRORREPORT:PROMPT /OUT:"D:\Documents\Visul Studio 2013\CutYourImage\Debug\CutYourImage.exe" /INCREMENTAL /NOLOGO /MANIFEST /MANIFESTUAC:"level='asInvoker' uiAccess='false'" /manifest:embed /manifestinput:"C:\Program Files (x86)\Microsoft Visual Studio 12.0\VC\Include\Manifest\dpiaware.manifest" /DEBUG /PDB:"D:\Documents\Visul Studio 2013\CutYourImage\Debug\CutYourImage.pdb" /SUBSYSTEM:WINDOWS /TLBID:1 /ENTRY:"wWinMainCRTStartup" /DYNAMICBASE /NXCOMPAT /IMPLIB:"D:\Documents\Visul Studio 2013\CutYourImage\Debug\CutYourImage.lib" /MACHINE:X86 Debug\CutYourImage.res
         Debug\CutYourImage.obj
         Debug\CutYourImageDlg.obj
         Debug\stdafx.obj
         CutYourImage.vcxproj -> D:\Documents\Visul Studio 2013\CutYourImage\Debug\CutYourImage.exe
     1>已完成生成项目“D:\Documents\Visul Studio 2013\CutYourImage\CutYourImage\CutYourImage.vcxproj”(Build 个目标)的操作。

生成成功。

已用时间 00:00:00.76
